<?xml version="1.0" encoding="UTF-8"?>
<!-- Generated by org.testng.reporters.JUnitReportReporter -->
<testsuite skipped="0" hostname="M2388817" name="framework.SD.RedBus.SeatSelect.Canvas.REDBUS_SeatSelect_Canvas_Page_Test" tests="1" failures="0" timestamp="04 Sep 2017 13:04:01 GMT" time="85.953" errors="0">
  <testcase name="testCanvas" time="85.953" classname="framework.SD.RedBus.SeatSelect.Canvas.REDBUS_SeatSelect_Canvas_Page_Test"/>
</testsuite> <!-- framework.SD.RedBus.SeatSelect.Canvas.REDBUS_SeatSelect_Canvas_Page_Test -->
